#
# A fatal error has been detected by the Java Runtime Environment:
#
#  SIGSEGV (0xb) at pc=0x00000001304246bb, pid=31369, tid=84227
#
# JRE version: Java(TM) SE Runtime Environment (15.0.2+7) (build 15.0.2+7-27)
# Java VM: Java HotSpot(TM) 64-Bit Server VM (15.0.2+7-27, mixed mode, sharing, tiered, compressed oops, g1 gc, bsd-amd64)
# Problematic frame:
# C  [librocksdbjni13224719616748182019.jnilib+0x1e06bb]  rocksdb::DBImpl::GetImpl(rocksdb::ReadOptions const&, rocksdb::ColumnFamilyHandle*, rocksdb::Slice const&, rocksdb::PinnableSlice*, bool*, rocksdb::ReadCallback*, bool*)+0x10b
#
# No core dump will be written. Core dumps have been disabled. To enable core dumping, try "ulimit -c unlimited" before starting Java again
#
# If you would like to submit a bug report, please visit:
#   https://bugreport.java.com/bugreport/crash.jsp
# The crash happened outside the Java Virtual Machine in native code.
# See problematic frame for where to report the bug.
#

---------------  S U M M A R Y ------------

Command Line: --enable-preview -javaagent:/Applications/IntelliJ IDEA.app/Contents/lib/idea_rt.jar=58610:/Applications/IntelliJ IDEA.app/Contents/bin -Dfile.encoding=UTF-8 io.xdag.Bootstrap

Host: MacBookPro15,1 x86_64 2200 MHz, 12 cores, 16G, Darwin 20.3.0
Time: Mon Apr 12 22:03:18 2021 CST elapsed time: 199.308715 seconds (0d 0h 3m 19s)

---------------  T H R E A D  ---------------

Current thread (0x00007fbf4a948400):  JavaThread "MinerManagerThread" daemon [_thread_in_native, id=84227, stack(0x000070000c98a000,0x000070000ca8a000)]

Stack: [0x000070000c98a000,0x000070000ca8a000],  sp=0x000070000ca89070,  free space=1020k
Native frames: (J=compiled Java code, A=aot compiled Java code, j=interpreted, Vv=VM code, C=native code)
C  [librocksdbjni13224719616748182019.jnilib+0x1e06bb]  rocksdb::DBImpl::GetImpl(rocksdb::ReadOptions const&, rocksdb::ColumnFamilyHandle*, rocksdb::Slice const&, rocksdb::PinnableSlice*, bool*, rocksdb::ReadCallback*, bool*)+0x10b
C  [librocksdbjni13224719616748182019.jnilib+0x1e0598]  rocksdb::DBImpl::Get(rocksdb::ReadOptions const&, rocksdb::ColumnFamilyHandle*, rocksdb::Slice const&, rocksdb::PinnableSlice*)+0x18
C  [librocksdbjni13224719616748182019.jnilib+0x1837dd]  rocksdb::DB::Get(rocksdb::ReadOptions const&, rocksdb::ColumnFamilyHandle*, rocksdb::Slice const&, std::__1::basic_string<char, std::__1::char_traits<char>, std::__1::allocator<char> >*)+0x8d
C  [librocksdbjni13224719616748182019.jnilib+0x1838b5]  rocksdb::DB::Get(rocksdb::ReadOptions const&, rocksdb::Slice const&, std::__1::basic_string<char, std::__1::char_traits<char>, std::__1::allocator<char> >*)+0x45
C  [librocksdbjni13224719616748182019.jnilib+0xa2788]  rocksdb_get_helper(JNIEnv_*, rocksdb::DB*, rocksdb::ReadOptions const&, rocksdb::ColumnFamilyHandle*, _jbyteArray*, int, int)+0xf8
J 2463  org.rocksdb.RocksDB.get(JJ[BII)[B (0 bytes) @ 0x000000011ac44c00 [0x000000011ac44b20+0x00000000000000e0]
J 2462 c1 org.rocksdb.RocksDB.get(Lorg/rocksdb/ReadOptions;[B)[B (17 bytes) @ 0x0000000113a4feb4 [0x0000000113a4fe20+0x0000000000000094]
J 2461 c1 io.xdag.db.rocksdb.RocksdbKVSource.get([B)[B (174 bytes) @ 0x0000000113a4dd14 [0x0000000113a4d7e0+0x0000000000000534]
J 3309 c1 io.xdag.db.store.BlockStore.getBlockInfoByHash([B)Lio/xdag/core/Block; (113 bytes) @ 0x0000000113c0c67c [0x0000000113c0c520+0x000000000000015c]
J 3322 c1 io.xdag.db.store.BlockStore.getBlockByHash([BZ)Lio/xdag/core/Block; (16 bytes) @ 0x0000000113c128a4 [0x0000000113c127c0+0x00000000000000e4]
j  io.xdag.mine.MinerChannel.sendBalance()V+9
j  io.xdag.mine.manager.MinerManagerImpl.updataBalance()V+42
j  io.xdag.mine.manager.MinerManagerImpl$$Lambda$196+0x0000000800e8ae40.run()V+4
J 3507 c1 java.util.concurrent.Executors$RunnableAdapter.call()Ljava/lang/Object; java.base@15.0.2 (14 bytes) @ 0x0000000113c57cb4 [0x0000000113c57ba0+0x0000000000000114]
J 3506 c1 java.util.concurrent.FutureTask.runAndReset()Z java.base@15.0.2 (125 bytes) @ 0x0000000113c564ec [0x0000000113c55d20+0x00000000000007cc]
J 3505 c1 java.util.concurrent.ScheduledThreadPoolExecutor$ScheduledFutureTask.run()V java.base@15.0.2 (57 bytes) @ 0x0000000113c55604 [0x0000000113c55420+0x00000000000001e4]
j  java.util.concurrent.ThreadPoolExecutor.runWorker(Ljava/util/concurrent/ThreadPoolExecutor$Worker;)V+92 java.base@15.0.2
j  java.util.concurrent.ThreadPoolExecutor$Worker.run()V+5 java.base@15.0.2
j  java.lang.Thread.run()V+11 java.base@15.0.2
v  ~StubRoutines::call_stub
V  [libjvm.dylib+0x4adf62]  JavaCalls::call_helper(JavaValue*, methodHandle const&, JavaCallArguments*, Thread*)+0x2e2
V  [libjvm.dylib+0x4ace49]  JavaCalls::call_virtual(JavaValue*, Klass*, Symbol*, Symbol*, JavaCallArguments*, Thread*)+0x1e9
V  [libjvm.dylib+0x4acf13]  JavaCalls::call_virtual(JavaValue*, Handle, Klass*, Symbol*, Symbol*, Thread*)+0x63
V  [libjvm.dylib+0x557c40]  thread_entry(JavaThread*, Thread*)+0xb0
V  [libjvm.dylib+0x99921f]  JavaThread::thread_main_inner()+0xaf
V  [libjvm.dylib+0x996411]  Thread::call_run()+0x71
V  [libjvm.dylib+0x828967]  thread_native_entry(Thread*)+0x197
C  [libsystem_pthread.dylib+0x6950]  _pthread_start+0xe0
C  [libsystem_pthread.dylib+0x247b]  thread_start+0xf

Java frames: (J=compiled Java code, j=interpreted, Vv=VM code)
J 2463  org.rocksdb.RocksDB.get(JJ[BII)[B (0 bytes) @ 0x000000011ac44b83 [0x000000011ac44b20+0x0000000000000063]
J 2462 c1 org.rocksdb.RocksDB.get(Lorg/rocksdb/ReadOptions;[B)[B (17 bytes) @ 0x0000000113a4feb4 [0x0000000113a4fe20+0x0000000000000094]
J 2461 c1 io.xdag.db.rocksdb.RocksdbKVSource.get([B)[B (174 bytes) @ 0x0000000113a4dd14 [0x0000000113a4d7e0+0x0000000000000534]
J 3309 c1 io.xdag.db.store.BlockStore.getBlockInfoByHash([B)Lio/xdag/core/Block; (113 bytes) @ 0x0000000113c0c67c [0x0000000113c0c520+0x000000000000015c]
J 3322 c1 io.xdag.db.store.BlockStore.getBlockByHash([BZ)Lio/xdag/core/Block; (16 bytes) @ 0x0000000113c128a4 [0x0000000113c127c0+0x00000000000000e4]
j  io.xdag.mine.MinerChannel.sendBalance()V+9
j  io.xdag.mine.manager.MinerManagerImpl.updataBalance()V+42
j  io.xdag.mine.manager.MinerManagerImpl$$Lambda$196+0x0000000800e8ae40.run()V+4
J 3507 c1 java.util.concurrent.Executors$RunnableAdapter.call()Ljava/lang/Object; java.base@15.0.2 (14 bytes) @ 0x0000000113c57cb4 [0x0000000113c57ba0+0x0000000000000114]
J 3506 c1 java.util.concurrent.FutureTask.runAndReset()Z java.base@15.0.2 (125 bytes) @ 0x0000000113c564ec [0x0000000113c55d20+0x00000000000007cc]
J 3505 c1 java.util.concurrent.ScheduledThreadPoolExecutor$ScheduledFutureTask.run()V java.base@15.0.2 (57 bytes) @ 0x0000000113c55604 [0x0000000113c55420+0x00000000000001e4]
j  java.util.concurrent.ThreadPoolExecutor.runWorker(Ljava/util/concurrent/ThreadPoolExecutor$Worker;)V+92 java.base@15.0.2
j  java.util.concurrent.ThreadPoolExecutor$Worker.run()V+5 java.base@15.0.2
j  java.lang.Thread.run()V+11 java.base@15.0.2
v  ~StubRoutines::call_stub

siginfo: si_signo: 11 (SIGSEGV), si_code: 1 (SEGV_MAPERR), si_addr: 0x000007fbf4b38221

Register to memory mapping:

RAX=0x000007fbf4b381f1 is an unknown value
RBX=0x00007fbf4b3836a0 points into unknown readable memory: 0x000007fbf4b381f1 | f1 81 b3 f4 fb 07 00 00
RCX=0x00007fbf4b3836a0 points into unknown readable memory: 0x000007fbf4b381f1 | f1 81 b3 f4 fb 07 00 00
RDX=0x00007fbf516ffa70 points into unknown readable memory: 0x6000000000000000 | 00 00 00 00 00 00 00 60
RSP=0x000070000ca89070 is pointing into the stack for thread: 0x00007fbf4a948400
RBP=0x000070000ca89260 is pointing into the stack for thread: 0x00007fbf4a948400
RSI=0x00007fbf4c0d7a00 points into unknown readable memory: 0x0000000130ba7d20 | 20 7d ba 30 01 00 00 00
RDI=0x00007fbf4b3836a0 points into unknown readable memory: 0x000007fbf4b381f1 | f1 81 b3 f4 fb 07 00 00
R8 =0x000070000ca89390 is pointing into the stack for thread: 0x00007fbf4a948400
R9 =0x000070000ca892b8 is pointing into the stack for thread: 0x00007fbf4a948400
R10=0x0000000130ba7d20: _ZTVN7rocksdb6DBImplE+0x10 in /private/var/folders/23/79qfpccx001g4br5fxs628vc0000gn/T/librocksdbjni13224719616748182019.jnilib at 0x0000000130244000
R11=0x00007fb848848638 is an unknown value
R12=0x00007fbf4c0d7a00 points into unknown readable memory: 0x0000000130ba7d20 | 20 7d ba 30 01 00 00 00
R13=0x00007fbf516ffa70 points into unknown readable memory: 0x6000000000000000 | 00 00 00 00 00 00 00 60
R14=0x00007fbf516ffa70 points into unknown readable memory: 0x6000000000000000 | 00 00 00 00 00 00 00 60
R15=0x000070000ca893e8 is pointing into the stack for thread: 0x00007fbf4a948400


Registers:
RAX=0x000007fbf4b381f1, RBX=0x00007fbf4b3836a0, RCX=0x00007fbf4b3836a0, RDX=0x00007fbf516ffa70
RSP=0x000070000ca89070, RBP=0x000070000ca89260, RSI=0x00007fbf4c0d7a00, RDI=0x00007fbf4b3836a0
R8 =0x000070000ca89390, R9 =0x000070000ca892b8, R10=0x0000000130ba7d20, R11=0x00007fb848848638
R12=0x00007fbf4c0d7a00, R13=0x00007fbf516ffa70, R14=0x00007fbf516ffa70, R15=0x000070000ca893e8
RIP=0x00000001304246bb, EFLAGS=0x0000000000010246, ERR=0x0000000000000004
  TRAPNO=0x000000000000000e

Top of Stack: (sp=0x000070000ca89070)
0x000070000ca89070:   0000000000000000 000070000ca88f90
0x000070000ca89080:   000070000ca89610 0000000000000041
0x000070000ca89090:   000070000ca89618 0000000000000000
0x000070000ca890a0:   0000700000000000 00007fff88aee4e0
0x000070000ca890b0:   ffffffffffffffff 0000000400580000
0x000070000ca890c0:   0000003000000010 000070000ca89660
0x000070000ca890d0:   000070000ca89550 0000000000000000
0x000070000ca890e0:   0000000000000000 0000000130bbfb20
0x000070000ca890f0:   000070000ca890f0 000000080063854f
0x000070000ca89100:   3030303700000001 3239363938616330
0x000070000ca89110:   0000000000000000 0000000000000000
0x000070000ca89120:   000070000ca89390 515c190100000000
0x000070000ca89130:   000070000ca89130 000070000ca892b8
0x000070000ca89140:   000070000ca893e8 0000000000000000
0x000070000ca89150:   0000000000000000 000000070037d8f0
0x000070000ca89160:   000000012d90ddb0 0000000000000000
0x000070000ca89170:   303030370ca89198 3230373938616330
0x000070000ca89180:   000000011306d900 000000070037d8f0
0x000070000ca89190:   00000001130705d6 0000000000000000
0x000070000ca891a0:   a44bac4e6d6c00ab 000070000ca892d0
0x000070000ca891b0:   000000010a28bc82 00007fff88aee4e0
0x000070000ca891c0:   ffffffffffffffff 0000000000000000
0x000070000ca891d0:   000070000ca892c0 00007fff203f08b9
0x000070000ca891e0:   0000000700e35218 000070000ca895a0
0x000070000ca891f0:   0000000000000000 000070000ca89228
0x000070000ca89200:   000070000ca89278 000000011306dc40
0x000070000ca89210:   a44bac4e6d6c00ab 00007fff202dd020
0x000070000ca89220:   0000000000000000 0000000000000000
0x000070000ca89230:   a44bac4e6d6c00ab 000070000ca893e8
0x000070000ca89240:   00007fbf4c0d7a00 00007fbf4b3836a0
0x000070000ca89250:   00007fbf516ffa70 000070000ca893e8
0x000070000ca89260:   000070000ca892a0 0000000130424598 

Instructions: (pc=0x00000001304246bb)
0x00000001304245bb:   54 53 48 81 ec c8 01 00 00 4c 89 85 c0 fe ff ff
0x00000001304245cb:   48 89 bd e0 fe ff ff 48 8b 05 3f e9 77 00 48 8b
0x00000001304245db:   00 48 89 45 d0 4c 89 8d d8 fe ff ff 4d 85 c9 0f
0x00000001304245eb:   84 dc 08 00 00 48 89 cb 49 89 d5 49 89 f4 48 8b
0x00000001304245fb:   46 08 48 89 85 88 fe ff ff 48 8b be f8 03 00 00
0x000000013042460b:   48 85 ff 48 89 bd 78 fe ff ff 74 37 48 8b 07 31
0x000000013042461b:   c9 48 89 8d b0 fe ff ff 31 f6 ff 50 58 84 c0 74
0x000000013042462b:   2b 48 8b bd 88 fe ff ff 48 8b 07 ff 90 08 01 00
0x000000013042463b:   00 48 89 85 b8 fe ff ff b0 01 48 89 85 b0 fe ff
0x000000013042464b:   ff eb 12 31 c0 48 89 85 b0 fe ff ff 31 c0 48 89
0x000000013042465b:   85 b8 fe ff ff 48 8d 3d 31 65 79 00 ff 17 80 38
0x000000013042466b:   03 72 2b e8 fd 73 1b 00 48 89 85 80 fe ff ff 48
0x000000013042467b:   8b 08 48 89 c7 ff 91 10 01 00 00 48 89 85 e8 fe
0x000000013042468b:   ff ff c7 85 cc fe ff ff 00 00 00 00 eb 1c 48 c7
0x000000013042469b:   85 80 fe ff ff 00 00 00 00 b0 01 89 85 cc fe ff
0x00000001304246ab:   ff 31 c0 48 89 85 e8 fe ff ff 48 8b 03 48 89 df
0x00000001304246bb:   ff 50 30 48 89 85 a8 fe ff ff 49 83 bc 24 28 04
0x00000001304246cb:   00 00 00 74 4c 4d 8d b4 24 30 04 00 00 4c 89 f7
0x00000001304246db:   e8 80 32 21 00 49 8b b4 24 28 04 00 00 48 85 f6
0x00000001304246eb:   74 27 48 8d bd 48 fe ff ff 48 89 da 48 8b 8d c0
0x00000001304246fb:   fe ff ff e8 1d 72 41 00 48 8b bd 50 fe ff ff 48
0x000000013042470b:   85 ff 74 05 e8 14 16 6a 00 4c 89 f7 e8 04 02 29
0x000000013042471b:   00 49 8d b4 24 08 05 00 00 48 8b bd a8 fe ff ff
0x000000013042472b:   e8 10 27 f9 ff 48 89 85 d0 fe ff ff e8 d4 75 40
0x000000013042473b:   00 0f 57 c0 0f 29 85 f0 fe ff ff 48 c7 85 00 ff
0x000000013042474b:   ff ff 00 00 00 00 c6 85 f0 fe ff ff 22 49 be 47
0x000000013042475b:   65 74 49 6d 70 6c 3a 4c 89 b5 f9 fe ff ff 49 bf
0x000000013042476b:   44 42 49 6d 70 6c 3a 3a 4c 89 bd f1 fe ff ff 66
0x000000013042477b:   c7 85 01 ff ff ff 31 00 48 8d b5 f0 fe ff ff 48
0x000000013042478b:   89 c7 31 d2 e8 7c 7e 40 00 f6 85 f0 fe ff ff 01
0x000000013042479b:   74 0c 48 8b bd 00 ff ff ff e8 85 15 6a 00 e8 62
0x00000001304247ab:   75 40 00 0f 57 c0 0f 29 85 f0 fe ff ff 48 c7 85 


Stack slot to memory mapping:
stack at sp + 0 slots: 0x0 is NULL
stack at sp + 1 slots: 0x000070000ca88f90 is pointing into the stack for thread: 0x00007fbf4a948400
stack at sp + 2 slots: 0x000070000ca89610 is pointing into the stack for thread: 0x00007fbf4a948400
stack at sp + 3 slots: 0x0000000000000041 is an unknown value
stack at sp + 4 slots: 0x000070000ca89618 is pointing into the stack for thread: 0x00007fbf4a948400
stack at sp + 5 slots: 0x0 is NULL
stack at sp + 6 slots: 0x0000700000000000 is an unknown value
stack at sp + 7 slots: 0x00007fff88aee4e0: __global_locale+0 in /usr/lib/system/libsystem_c.dylib at 0x00007fff20387000


---------------  P R O C E S S  ---------------

Threads class SMR info:
_java_thread_list=0x00007fbf4b16d8d0, length=34, elements={
0x00007fbf4f81c200, 0x00007fbf4f81ea00, 0x00007fbf5000ba00, 0x00007fbf50008200,
0x00007fbf4a010800, 0x00007fbf4a010e00, 0x00007fbf4f81f600, 0x00007fbf5000e200,
0x00007fbf5002f800, 0x00007fbf50890a00, 0x00007fbf4c0c6400, 0x00007fbf4a975e00,
0x00007fbf4f039e00, 0x00007fbf4a948400, 0x00007fbf4a948a00, 0x00007fbf4a85f200,
0x00007fbf4f921600, }

Java Threads: ( => current thread )
  0x00007fbf4f81c200 JavaThread "Reference Handler" daemon [_thread_blocked, id=14595, stack(0x000070000a69b000,0x000070000a79b000)]
  0x00007fbf4f81ea00 JavaThread "Finalizer" daemon [_thread_blocked, id=16899, stack(0x000070000a79e000,0x000070000a89e000)]
  0x00007fbf50000014 
[error occurred during error reporting (printing all threads), id 0xb, SIGSEGV (0xb) at pc=0x000000010a19fe31]

VM state: not at safepoint (normal execution)

VM Mutex/Monitor currently owned by a thread: None

Heap address: 0x0000000700000000, size: 4096 MB, Compressed Oops mode: Zero based, Oop shift amount: 3
CDS archive(s) mapped at: [0x0000000800000000-0x0000000800b2d000-0x0000000800b2d000), size 11718656, SharedBaseAddress: 0x0000000800000000, ArchiveRelocationMode: 0.
Compressed class space mapped at: 0x0000000800b30000-0x0000000840b30000, size: 1073741824
Narrow klass base: 0x0000000800000000, Narrow klass shift: 3, Narrow klass range: 0x100000000

GC Precious Log:
 CPUs: 12 total, 12 available
 Memory: 16384M
 Large Page Support: Disabled
 NUMA Support: Disabled
 Compressed Oops: Enabled (Zero based)
 Heap Region Size: 2M
 Heap Min Capacity: 8M
 Heap Initial Capacity: 256M
 Heap Max Capacity: 4G
 Pre-touch: Disabled
 Parallel Workers: 10
 Concurrent Workers: 3
 Concurrent Refinement Workers: 10
 Periodic GC: Disabled

Heap:
 garbage-first heap   total 75776K, used 48499K [0x0000000700000000, 0x0000000800000000)
  region size 2048K, 15 young (30720K), 2 survivors (4096K)
 Metaspace       used 33956K, capacity 34302K, committed 34864K, reserved 1081344K
  class space    used 3839K, capacity 3961K, committed 3968K, reserved 1048576K

Heap Regions: E=young(eden), S=young(survivor), O=old, HS=humongous(starts), HC=humongous(continues), CS=collection set, F=free, OA=open archive, CA=closed archive, TAMS=top-at-mark-start (previous, next)
|   0|0x0000000700000000, 0x0000000700200000, 0x0000000700200000|100%| O|  |TAMS 0x0000000700200000, 0x0000000700000000| Untracked 
|   1|0x0000000700200000, 0x0000000700383e00, 0x0000000700400000| 75%| O|  |TAMS 0x0000000700383e00, 0x0000000700200000| Untracked 
|   2|0x0000000700400000, 0x0000000700600000, 0x0000000700600000|100%| O|  |TAMS 0x0000000700400000, 0x0000000700400000| Untracked 
|   3|0x0000000700600000, 0x0000000700800000, 0x0000000700800000|100%| O|  |TAMS 0x0000000700600000, 0x0000000700600000| Untracked 
|   4|0x0000000700800000, 0x0000000700a00000, 0x0000000700a00000|100%| O|  |TAMS 0x0000000700800000, 0x0000000700800000| Untracked 
|   5|0x0000000700a00000, 0x0000000700c00000, 0x0000000700c00000|100%| O|  |TAMS 0x0000000700a00000, 0x0000000700a00000| Untracked 
|   6|0x0000000700c00000, 0x0000000700e00000, 0x0000000700e00000|100%| O|  |TAMS 0x0000000700c00000, 0x0000000700c00000| Untracked 
|   7|0x0000000700e00000, 0x0000000701000000, 0x0000000701000000|100%| O|  |TAMS 0x0000000700e00000, 0x0000000700e00000| Untracked 
|   8|0x0000000701000000, 0x0000000701200000, 0x0000000701200000|100%| O|  |TAMS 0x0000000701000000, 0x0000000701000000| Untracked 
|   9|0x0000000701200000, 0x00000007012a3e00, 0x0000000701400000| 32%| O|  |TAMS 0x0000000701200000, 0x0000000701200000| Untracked 
|  10|0x0000000701400000, 0x0000000701400000, 0x0000000701600000|  0%| F|  |TAMS 0x0000000701400000, 0x0000000701400000| Untracked 
|  11|0x0000000701600000, 0x0000000701600000, 0x0000000701800000|  0%| F|  |TAMS 0x0000000701600000, 0x0000000701600000| Untracked 
|  12|0x0000000701800000, 0x0000000701800000, 0x0000000701a00000|  0%| F|  |TAMS 0x0000000701800000, 0x0000000701800000| Untracked 
|  13|0x0000000701a00000, 0x0000000701a00000, 0x0000000701c00000|  0%| F|  |TAMS 0x0000000701a00000, 0x0000000701a00000| Untracked 
|  14|0x0000000701c00000, 0x0000000701c00000, 0x0000000701e00000|  0%| F|  |TAMS 0x0000000701c00000, 0x0000000701c00000| Untracked 
|  15|0x0000000701e00000, 0x0000000701e00000, 0x0000000702000000|  0%| F|  |TAMS 0x0000000701e00000, 0x0000000701e00000| Untracked 
|  16|0x0000000702000000, 0x0000000702000000, 0x0000000702200000|  0%| F|  |TAMS 0x0000000702000000, 0x0000000702000000| Untracked 
|  17|0x0000000702200000, 0x0000000702200000, 0x0000000702400000|  0%| F|  |TAMS 0x0000000702200000, 0x0000000702200000| Untracked 
|  18|0x0000000702400000, 0x0000000702400000, 0x0000000702600000|  0%| F|  |TAMS 0x0000000702400000, 0x0000000702400000| Untracked 
|  19|0x0000000702600000, 0x000000070276b200, 0x0000000702800000| 70%| S|CS|TAMS 0x0000000702600000, 0x0000000702600000| Complete 
|  20|0x0000000702800000, 0x0000000702a00000, 0x0000000702a00000|100%| S|CS|TAMS 0x0000000702800000, 0x0000000702800000| Complete 
|  21|0x0000000702a00000, 0x0000000702a00000, 0x0000000702c00000|  0%| F|  |TAMS 0x0000000702a00000, 0x0000000702a00000| Untracked 
|  22|0x0000000702c00000, 0x0000000702d979f0, 0x0000000702e00000| 79%| E|  |TAMS 0x0000000702c00000, 0x0000000702c00000| Complete 
|  23|0x0000000702e00000, 0x0000000703000000, 0x0000000703000000|100%| E|CS|TAMS 0x0000000702e00000, 0x0000000702e00000| Complete 
|  24|0x0000000703000000, 0x0000000703200000, 0x0000000703200000|100%| E|CS|TAMS 0x0000000703000000, 0x0000000703000000| Complete 
|  25|0x0000000703200000, 0x0000000703400000, 0x0000000703400000|100%| E|CS|TAMS 0x0000000703200000, 0x0000000703200000| Complete 
|  26|0x0000000703400000, 0x0000000703600000, 0x0000000703600000|100%| E|CS|TAMS 0x0000000703400000, 0x0000000703400000| Complete 
|  27|0x0000000703600000, 0x0000000703800000, 0x0000000703800000|100%| E|CS|TAMS 0x0000000703600000, 0x0000000703600000| Complete 
|  71|0x0000000708e00000, 0x0000000709000000, 0x0000000709000000|100%| E|CS|TAMS 0x0000000708e00000, 0x0000000708e00000| Complete 
|  72|0x0000000709000000, 0x0000000709200000, 0x0000000709200000|100%| E|CS|TAMS 0x0000000709000000, 0x0000000709000000| Complete 
|  73|0x0000000709200000, 0x0000000709400000, 0x0000000709400000|100%| E|CS|TAMS 0x0000000709200000, 0x0000000709200000| Complete 
|  74|0x0000000709400000, 0x0000000709600000, 0x0000000709600000|100%| E|CS|TAMS 0x0000000709400000, 0x0000000709400000| Complete 
|  75|0x0000000709600000, 0x0000000709800000, 0x0000000709800000|100%| E|CS|TAMS 0x0000000709600000, 0x0000000709600000| Complete 
|  76|0x0000000709800000, 0x0000000709a00000, 0x0000000709a00000|100%| E|CS|TAMS 0x0000000709800000, 0x0000000709800000| Complete 
| 127|0x000000070fe00000, 0x0000000710000000, 0x0000000710000000|100%| E|CS|TAMS 0x000000070fe00000, 0x000000070fe00000| Complete 
|1534|0x00000007bfc00000, 0x00000007bfd51000, 0x00000007bfe00000| 65%|OA|  |TAMS 0x00000007bfd51000, 0x00000007bfc00000| Untracked 
|1535|0x00000007bfe00000, 0x00000007bfe79000, 0x00000007c0000000| 23%|CA|  |TAMS 0x00000007bfe79000, 0x00000007bfe00000| Untracked 

Card table byte_map: [0x0000000122864000,0x0000000123064000] _byte_map_base: 0x000000011f064000

Marking Bits (Prev, Next): (CMBitMap*) 0x00007fbf4d022450, (CMBitMap*) 0x00007fbf4d022410
 Prev Bits: [0x0000000127864000, 0x000000012b864000)
 Next Bits: [0x0000000123864000, 0x0000000127864000)

Polling page: 0x00000001036df000

Metaspace:

Usage:
  Non-class:     29.63 MB capacity,    29.41 MB (>99%) used,   176.94 KB ( <1%) free+waste,    44.19 KB ( <1%) overhead. 
      Class:      3.87 MB capacity,     3.75 MB ( 97%) used,   105.60 KB (  3%) free+waste,    15.69 KB ( <1%) overhead. 
       Both:     33.50 MB capacity,    33.16 MB (>99%) used,   282.54 KB ( <1%) free+waste,    59.88 KB ( <1%) overhead. 

Virtual space:
  Non-class space:       32.00 MB reserved,      30.17 MB ( 94%) committed 
      Class space:        1.00 GB reserved,       3.88 MB ( <1%) committed 
             Both:        1.03 GB reserved,      34.05 MB (  3%) committed 

Chunk freelists:
   Non-Class:  379.00 KB
       Class:  7.00 KB
        Both:  386.00 KB

MaxMetaspaceSize: 17179869184.00 GB
CompressedClassSpaceSize: 1.00 GB

CodeHeap 'non-profiled nmethods': size=120028Kb used=1763Kb max_used=1763Kb free=118265Kb
 bounds [0x000000011ab2d000, 0x000000011ad9d000, 0x0000000122064000]
CodeHeap 'profiled nmethods': size=120028Kb used=7216Kb max_used=7216Kb free=112811Kb
 bounds [0x00000001135f6000, 0x0000000113d06000, 0x000000011ab2d000]
CodeHeap 'non-nmethods': size=5704Kb used=1373Kb max_used=1447Kb free=4331Kb
 bounds [0x0000000113064000, 0x00000001132d4000, 0x00000001135f6000]
 total_blobs=4520 nmethods=3831 adapters=601
 compilation: enabled
              stopped_count=0, restarted_count=0
 full_count=0

Compilation events (20 events):
Event: 196.416 Thread 0x00007fbf4a010e00 nmethod 3839 0x0000000113cfe010 code [0x0000000113cfe1a0, 0x0000000113cfe350]
Event: 196.416 Thread 0x00007fbf4a010e00 3840       3       io.netty.buffer.PoolThreadCache::free (12 bytes)
Event: 196.416 Thread 0x00007fbf4a010e00 nmethod 3840 0x0000000113cfe410 code [0x0000000113cfe5c0, 0x0000000113cfe780]
Event: 196.416 Thread 0x00007fbf4a010e00 3841       3       io.netty.buffer.PoolThreadCache$MemoryRegionCache::free (8 bytes)
Event: 196.416 Thread 0x00007fbf4a010e00 nmethod 3841 0x0000000113cfe890 code [0x0000000113cfea20, 0x0000000113cfeb40]
Event: 196.416 Thread 0x00007fbf4a010e00 3843       1       io.netty.util.concurrent.SingleThreadEventExecutor::access$400 (5 bytes)
Event: 196.416 Thread 0x00007fbf4a010e00 nmethod 3843 0x000000011ace4b10 code [0x000000011ace4ca0, 0x000000011ace4d30]
Event: 196.416 Thread 0x00007fbf4a010800 nmethod 3833 0x000000011ace4e10 code [0x000000011ace4f80, 0x000000011ace50f8]
Event: 196.416 Thread 0x00007fbf4a010800 3836       4       sun.misc.Unsafe::getLong (9 bytes)
Event: 196.417 Thread 0x00007fbf4a010800 nmethod 3836 0x000000011ace5210 code [0x000000011ace5380, 0x000000011ace53f8]
Event: 196.417 Thread 0x00007fbf4a010800 3844       4       io.netty.util.internal.shaded.org.jctools.util.UnsafeRefArrayAccess::lvRefElement (9 bytes)
Event: 196.417 Thread 0x00007fbf4a010800 nmethod 3844 0x000000011ace5510 code [0x000000011ace5680, 0x000000011ace56d8]
Event: 196.417 Thread 0x00007fbf4a010800 3834       4       io.netty.util.internal.shaded.org.jctools.queues.BaseMpscLinkedArrayQueue::poll (108 bytes)
Event: 196.419 Thread 0x00007fbf4a010800 nmethod 3834 0x000000011ace5810 code [0x000000011ace5980, 0x000000011ace5af8]
Event: 198.299 Thread 0x00007fbf4a010e00 3845       3       org.bouncycastle.math.ec.ECPoint::implIsValid (46 bytes)
Event: 198.299 Thread 0x00007fbf4a010e00 nmethod 3845 0x0000000113cfec10 code [0x0000000113cfede0, 0x0000000113cff4b0]
Event: 198.453 Thread 0x00007fbf4a010e00 3846       3       java.util.Collections$SetFromMap::<init> (39 bytes)
Event: 198.453 Thread 0x00007fbf4a010e00 nmethod 3846 0x0000000113cff690 code [0x0000000113cff880, 0x0000000113cffe00]
Event: 198.457 Thread 0x00007fbf4a010e00 3847       3       java.util.Collections::newSetFromMap (9 bytes)
Event: 198.458 Thread 0x00007fbf4a010e00 nmethod 3847 0x0000000113cfff90 code [0x0000000113d00120, 0x0000000113d002a0]

GC Heap History (10 events):
Event: 0.443 GC heap before
{Heap before GC invocations=0 (full 0):
 garbage-first heap   total 266240K, used 22312K [0x0000000700000000, 0x0000000800000000)
  region size 2048K, 11 young (22528K), 0 survivors (0K)
 Metaspace       used 3200K, capacity 5715K, committed 6016K, reserved 1056768K
  class space    used 354K, capacity 561K, committed 640K, reserved 1048576K
}
Event: 0.447 GC heap after
{Heap after GC invocations=1 (full 0):
 garbage-first heap   total 266240K, used 5526K [0x0000000700000000, 0x0000000800000000)
  region size 2048K, 2 young (4096K), 2 survivors (4096K)
 Metaspace       used 3200K, capacity 5715K, committed 6016K, reserved 1056768K
  class space    used 354K, capacity 561K, committed 640K, reserved 1048576K
}
Event: 4.269 GC heap before
{Heap before GC invocations=1 (full 0):
 garbage-first heap   total 266240K, used 36246K [0x0000000700000000, 0x0000000800000000)
  region size 2048K, 18 young (36864K), 2 survivors (4096K)
 Metaspace       used 9012K, capacity 9219K, committed 9344K, reserved 1056768K
  class space    used 1031K, capacity 1096K, committed 1152K, reserved 1048576K
}
Event: 4.275 GC heap after
{Heap after GC invocations=2 (full 0):
 garbage-first heap   total 266240K, used 9908K [0x0000000700000000, 0x0000000800000000)
  region size 2048K, 3 young (6144K), 3 survivors (6144K)
 Metaspace       used 9012K, capacity 9219K, committed 9344K, reserved 1056768K
  class space    used 1031K, capacity 1096K, committed 1152K, reserved 1048576K
}
Event: 28.504 GC heap before
{Heap before GC invocations=2 (full 0):
 garbage-first heap   total 266240K, used 104116K [0x0000000700000000, 0x0000000800000000)
  region size 2048K, 51 young (104448K), 3 survivors (6144K)
 Metaspace       used 20711K, capacity 20929K, committed 21296K, reserved 1069056K
  class space    used 2351K, capacity 2432K, committed 2432K, reserved 1048576K
}
Event: 28.514 GC heap after
{Heap after GC invocations=3 (full 0):
 garbage-first heap   total 266240K, used 16166K [0x0000000700000000, 0x0000000800000000)
  region size 2048K, 6 young (12288K), 6 survivors (12288K)
 Metaspace       used 20711K, capacity 20929K, committed 21296K, reserved 1069056K
  class space    used 2351K, capacity 2432K, committed 2432K, reserved 1048576K
}
Event: 29.369 GC heap before
{Heap before GC invocations=4 (full 0):
 garbage-first heap   total 75776K, used 48934K [0x0000000700000000, 0x0000000800000000)
  region size 2048K, 22 young (45056K), 6 survivors (12288K)
 Metaspace       used 30130K, capacity 30486K, committed 30896K, reserved 1077248K
  class space    used 3418K, capacity 3523K, committed 3584K, reserved 1048576K
}
Event: 29.380 GC heap after
{Heap after GC invocations=5 (full 0):
 garbage-first heap   total 75776K, used 20470K [0x0000000700000000, 0x0000000800000000)
  region size 2048K, 3 young (6144K), 3 survivors (6144K)
 Metaspace       used 30130K, capacity 30486K, committed 30896K, reserved 1077248K
  class space    used 3418K, capacity 3523K, committed 3584K, reserved 1048576K
}
Event: 97.048 GC heap before
{Heap before GC invocations=5 (full 0):
 garbage-first heap   total 75776K, used 47094K [0x0000000700000000, 0x0000000800000000)
  region size 2048K, 17 young (34816K), 3 survivors (6144K)
 Metaspace       used 33535K, capacity 33854K, committed 34352K, reserved 1079296K
  class space    used 3812K, capacity 3897K, committed 3968K, reserved 1048576K
}
Event: 97.061 GC heap after
{Heap after GC invocations=6 (full 0):
 garbage-first heap   total 75776K, used 23923K [0x0000000700000000, 0x0000000800000000)
  region size 2048K, 2 young (4096K), 2 survivors (4096K)
 Metaspace       used 33535K, capacity 33854K, committed 34352K, reserved 1079296K
  class space    used 3812K, capacity 3897K, committed 3968K, reserved 1048576K
}

Deoptimization events (20 events):
Event: 196.373 Thread 0x00007fbf4a0da600 Uncommon trap: trap_request=0xffffff45 fr.pc=0x000000011accdfd8 relative=0x00000000000001b8
Event: 196.373 Thread 0x00007fbf4a0da600 Uncommon trap: reason=unstable_if action=reinterpret pc=0x000000011accdfd8 method=java.lang.invoke.MethodType.equals(Ljava/lang/Object;)Z @ 11 c2
Event: 196.373 Thread 0x00007fbf4a0da600 DEOPT PACKING pc=0x000000011accdfd8 sp=0x000070001012ada0
Event: 196.373 Thread 0x00007fbf4a0da600 DEOPT UNPACKING pc=0x00000001130b2125 sp=0x000070001012ad68 mode 2
Event: 196.373 Thread 0x00007fbf4a0da600 Uncommon trap: trap_request=0xffffff54 fr.pc=0x000000011acdb068 relative=0x0000000000005368
Event: 196.373 Thread 0x00007fbf4a0da600 Uncommon trap: reason=speculate_null_assert action=make_not_entrant pc=0x000000011acdb068 method=java.lang.invoke.MethodType$ConcurrentWeakInternSet.add(Ljava/lang/Object;)Ljava/lang/Object; @ 47 c2
Event: 196.373 Thread 0x00007fbf4a0da600 DEOPT PACKING pc=0x000000011acdb068 sp=0x000070001012af70
Event: 196.373 Thread 0x00007fbf4a0da600 DEOPT UNPACKING pc=0x00000001130b2125 sp=0x000070001012af18 mode 2
Event: 196.373 Thread 0x00007fbe8c89ee00 Uncommon trap: trap_request=0xffffff54 fr.pc=0x000000011acdb068 relative=0x0000000000005368
Event: 196.373 Thread 0x00007fbe8c89ee00 Uncommon trap: reason=speculate_null_assert action=make_not_entrant pc=0x000000011acdb068 method=java.lang.invoke.MethodType$ConcurrentWeakInternSet.add(Ljava/lang/Object;)Ljava/lang/Object; @ 47 c2
Event: 196.373 Thread 0x00007fbe8c89ee00 DEOPT PACKING pc=0x000000011acdb068 sp=0x0000700010b48de0
Event: 196.373 Thread 0x00007fbe8c89ee00 DEOPT UNPACKING pc=0x00000001130b2125 sp=0x0000700010b48d88 mode 2
Event: 196.374 Thread 0x00007fbe8c8a0800 Uncommon trap: trap_request=0xffffffc6 fr.pc=0x000000011ac467d4 relative=0x00000000000013b4
Event: 196.374 Thread 0x00007fbe8c8a0800 Uncommon trap: reason=bimorphic_or_optimized_type_check action=maybe_recompile pc=0x000000011ac467d4 method=java.util.concurrent.ConcurrentHashMap.putVal(Ljava/lang/Object;Ljava/lang/Object;Z)Ljava/lang/Object; @ 242 c2
Event: 196.374 Thread 0x00007fbe8c8a0800 DEOPT PACKING pc=0x000000011ac467d4 sp=0x0000700010e51ee0
Event: 196.374 Thread 0x00007fbe8c8a0800 DEOPT UNPACKING pc=0x00000001130b2125 sp=0x0000700010e51e50 mode 2
Event: 196.374 Thread 0x00007fbe8c8a0800 Uncommon trap: trap_request=0xffffff54 fr.pc=0x000000011acdb068 relative=0x0000000000005368
Event: 196.374 Thread 0x00007fbe8c8a0800 Uncommon trap: reason=speculate_null_assert action=make_not_entrant pc=0x000000011acdb068 method=java.lang.invoke.MethodType$ConcurrentWeakInternSet.add(Ljava/lang/Object;)Ljava/lang/Object; @ 47 c2
Event: 196.374 Thread 0x00007fbe8c8a0800 DEOPT PACKING pc=0x000000011acdb068 sp=0x0000700010e51f70
Event: 196.374 Thread 0x00007fbe8c8a0800 DEOPT UNPACKING pc=0x00000001130b2125 sp=0x0000700010e51f18 mode 2

Classes unloaded (0 events):
No events

Classes redefined (0 events):
No events

Internal exceptions (20 events):
Event: 29.334 Thread 0x00007fbf4c010a00 Exception <a 'java/lang/NoSuchMethodError'{0x0000000701a11b98}: 'java.lang.Object java.lang.invoke.DirectMethodHandle$Holder.invokeSpecial(java.lang.Object, java.lang.Object, java.lang.Object, java.lang.Object, int)'> (0x0000000701a11b98) 
thrown [./open/src/hotspot/share/interpreter/linkResolver.cpp, line 782]
Event: 29.334 Thread 0x00007fbf4c010a00 Exception <a 'java/lang/NoSuchMethodError'{0x0000000701a156b0}: 'java.lang.Object java.lang.invoke.Invokers$Holder.linkToTargetMethod(java.lang.Object, java.lang.Object, int, java.lang.Object)'> (0x0000000701a156b0) 
thrown [./open/src/hotspot/share/interpreter/linkResolver.cpp, line 782]
Event: 29.395 Thread 0x00007fbf4c010a00 Exception <a 'java/lang/NoSuchMethodError'{0x000000070fee16d8}: 'java.lang.Object java.lang.invoke.DirectMethodHandle$Holder.invokeVirtual(java.lang.Object, java.lang.Object, java.lang.Object)'> (0x000000070fee16d8) 
thrown [./open/src/hotspot/share/interpreter/linkResolver.cpp, line 782]
Event: 29.414 Thread 0x00007fbf4c010a00 Exception <a 'java/lang/NoSuchMethodError'{0x000000070ff79588}: 'void java.lang.invoke.DirectMethodHandle$Holder.invokeStaticInit(java.lang.Object)'> (0x000000070ff79588) 
thrown [./open/src/hotspot/share/interpreter/linkResolver.cpp, line 782]
Event: 29.423 Thread 0x00007fbf4f921600 Exception <a 'java/lang/ClassNotFoundException'{0x0000000709817928}: sun/util/logging/resources/spi/loggingProvider> (0x0000000709817928) 
thrown [./open/src/hotspot/share/classfile/systemDictionary.cpp, line 295]
Event: 30.324 Thread 0x00007fbf4d59da00 Exception <a 'java/net/UnknownHostException'{0x000000070990ee58}> (0x000000070990ee58) 
thrown [./open/src/hotspot/share/prims/jni.cpp, line 599]
Event: 30.328 Thread 0x00007fbf4d59da00 Exception <a 'java/lang/NoSuchMethodError'{0x000000070997e788}: 'java.lang.Object java.lang.invoke.DirectMethodHandle$Holder.invokeSpecial(java.lang.Object, java.lang.Object, java.lang.Object, int, java.lang.Object)'> (0x000000070997e788) 
thrown [./open/src/hotspot/share/interpreter/linkResolver.cpp, line 782]
Event: 32.318 Thread 0x00007fbf4d13f400 Exception <a 'java/net/ConnectException'{0x00000007099fe0e8}> (0x00000007099fe0e8) 
thrown [./open/src/hotspot/share/prims/jni.cpp, line 578]
Event: 32.318 Thread 0x00007fbf4d585400 Exception <a 'io/netty/channel/AbstractChannel$AnnotatedConnectException'{0x00000007099fe870}> (0x00000007099fe870) 
thrown [./open/src/hotspot/share/prims/jni.cpp, line 578]
Event: 33.298 Thread 0x00007fbe8c808c00 Exception <a 'java/net/UnknownHostException'{0x000000070964c220}> (0x000000070964c220) 
thrown [./open/src/hotspot/share/prims/jni.cpp, line 578]
Event: 43.347 Thread 0x00007fbe8c809200 Exception <a 'java/lang/NoClassDefFoundError'{0x00000007094d1b08}: com/sun/jna/Platform> (0x00000007094d1b08) 
thrown [./open/src/hotspot/share/oops/constantPool.cpp, line 804]
Event: 43.410 Thread 0x00007fbe8c809200 Exception <a 'java/lang/NoSuchMethodError'{0x00000007090bc9c8}: 'int java.lang.invoke.DirectMethodHandle$Holder.invokeStaticInit(java.lang.Object, java.lang.Object, java.lang.Object)'> (0x00000007090bc9c8) 
thrown [./open/src/hotspot/share/interpreter/linkResolver.cpp, line 782]
Event: 43.411 Thread 0x00007fbe8c809200 Exception <a 'java/lang/NoSuchMethodError'{0x00000007090c3058}: 'int java.lang.invoke.DirectMethodHandle$Holder.invokeVirtual(java.lang.Object, java.lang.Object)'> (0x00000007090c3058) 
thrown [./open/src/hotspot/share/interpreter/linkResolver.cpp, line 782]
Event: 43.859 Thread 0x00007fbe8c809200 Exception <a 'java/lang/NoSuchMethodError'{0x0000000708ec0080}: 'void java.lang.invoke.DirectMethodHandle$Holder.invokeInterface(java.lang.Object, java.lang.Object, java.lang.Object)'> (0x0000000708ec0080) 
thrown [./open/src/hotspot/share/interpreter/linkResolver.cpp, line 782]
Event: 48.614 Thread 0x00007fbe8c809200 Implicit null exception at 0x000000011abd22ef to 0x000000011abd24f0
Event: 48.614 Thread 0x00007fbe8c809200 Implicit null exception at 0x000000011abcda6f to 0x000000011abcdc6c
Event: 135.424 Thread 0x00007fbf4a978600 Exception <a 'java/net/UnknownHostException'{0x00000007092837c8}> (0x00000007092837c8) 
thrown [./open/src/hotspot/share/prims/jni.cpp, line 599]
Event: 136.823 Thread 0x00007fbf4d2e0000 Exception <a 'java/net/ConnectException'{0x00000007092fbf58}> (0x00000007092fbf58) 
thrown [./open/src/hotspot/share/prims/jni.cpp, line 578]
Event: 136.823 Thread 0x00007fbf4d585400 Exception <a 'io/netty/channel/AbstractChannel$AnnotatedConnectException'{0x00000007092fc240}> (0x00000007092fc240) 
thrown [./open/src/hotspot/share/prims/jni.cpp, line 578]
Event: 137.802 Thread 0x00007fbf4a977c00 Exception <a 'java/net/UnknownHostException'{0x0000000709322180}> (0x0000000709322180) 
thrown [./open/src/hotspot/share/prims/jni.cpp, line 578]

Events (20 events):
Event: 198.452 Thread 0x00007fbf4c9f7400 Thread exited: 0x00007fbf4c9f7400
Event: 198.453 Protecting memory [0x000070000d4ab000,0x000070000d4af000] with protection modes 3
Event: 198.453 Thread 0x00007fbf50066c00 Thread exited: 0x00007fbf50066c00
Event: 198.453 Thread 0x00007fbf4f143400 Thread exited: 0x00007fbf4f143400
Event: 198.457 Protecting memory [0x000070000c784000,0x000070000c788000] with protection modes 3
Event: 198.457 Protecting memory [0x000070000bada000,0x000070000bade000] with protection modes 3
Event: 198.457 Thread 0x00007fbf4c884000 Thread added: 0x00007fbf4c884000
Event: 198.457 Thread 0x00007fbf4d13f400 Thread exited: 0x00007fbf4d13f400
Event: 198.457 Protecting memory [0x000070000c378000,0x000070000c37c000] with protection modes 3
Event: 198.457 Protecting memory [0x000070000be69000,0x000070000be6d000] with protection modes 0
Event: 198.457 Thread 0x00007fbf4d2e0c00 Thread exited: 0x00007fbf4d2e0c00
Event: 198.457 Thread 0x00007fbe8c8a2200 Thread exited: 0x00007fbe8c8a2200
Event: 198.462 Protecting memory [0x000070000c47b000,0x000070000c47f000] with protection modes 3
Event: 198.462 Thread 0x00007fbf508c1c00 Thread exited: 0x00007fbf508c1c00
Event: 198.467 Protecting memory [0x000070000d3a8000,0x000070000d3ac000] with protection modes 3
Event: 198.467 Thread 0x00007fbf508ede00 Thread exited: 0x00007fbf508ede00
Event: 198.467 Protecting memory [0x000070000bd66000,0x000070000bd6a000] with protection modes 3
Event: 198.467 Thread 0x00007fbf4ba10c00 Thread exited: 0x00007fbf4ba10c00
Event: 199.136 Executing VM operation: HandshakeAllThreads
Event: 199.137 Executing VM operation: HandshakeAllThreads done


Dynamic libraries:
0x00007fff2a5ee000 	/usr/lib/libz.1.dylib
0x000000010369e000 	/Library/Java/JavaVirtualMachines/jdk-15.0.2.jdk/Contents/Home/lib/libjli.dylib
0x00007fff35140000 	/System/Library/Frameworks/Cocoa.framework/Versions/A/Cocoa
0x00007fff22365000 	/System/Library/Frameworks/Security.framework/Versions/A/Security
0x00007fff3333d000 	/System/Library/Frameworks/ApplicationServices.framework/Versions/A/ApplicationServices
0x00007fff2a6b6000 	/usr/lib/libSystem.B.dylib
0x00007fff2a6b0000 	/usr/lib/system/libcache.dylib
0x00007fff2a66c000 	/usr/lib/system/libcommonCrypto.dylib
0x00007fff2a696000 	/usr/lib/system/libcompiler_rt.dylib
0x00007fff2a68b000 	/usr/lib/system/libcopyfile.dylib
0x00007fff20239000 	/usr/lib/system/libcorecrypto.dylib
0x00007fff20306000 	/usr/lib/system/libdispatch.dylib
0x00007fff204ba000 	/usr/lib/system/libdyld.dylib
0x00007fff2a6a7000 	/usr/lib/system/libkeymgr.dylib
0x00007fff2daef000 	/usr/lib/system/liblaunch.dylib
0x00007fff2a64a000 	/usr/lib/system/libmacho.dylib
0x00007fff29e64000 	/usr/lib/system/libquarantine.dylib
0x00007fff2a6a4000 	/usr/lib/system/libremovefile.dylib
0x00007fff24cfc000 	/usr/lib/system/libsystem_asl.dylib
0x00007fff201e9000 	/usr/lib/system/libsystem_blocks.dylib
0x00007fff20387000 	/usr/lib/system/libsystem_c.dylib
0x00007fff2a69e000 	/usr/lib/system/libsystem_collections.dylib
0x00007fff29158000 	/usr/lib/system/libsystem_configuration.dylib
0x00007fff2844b000 	/usr/lib/system/libsystem_containermanager.dylib
0x00007fff2a3e6000 	/usr/lib/system/libsystem_coreservices.dylib
0x00007fff22919000 	/usr/lib/system/libsystem_darwin.dylib
0x00007fff2a6a8000 	/usr/lib/system/libsystem_dnssd.dylib
0x00007fff20384000 	/usr/lib/system/libsystem_featureflags.dylib
0x00007fff204ff000 	/usr/lib/system/libsystem_info.dylib
0x00007fff2a601000 	/usr/lib/system/libsystem_m.dylib
0x00007fff202d9000 	/usr/lib/system/libsystem_malloc.dylib
0x00007fff24c90000 	/usr/lib/system/libsystem_networkextension.dylib
0x00007fff22d34000 	/usr/lib/system/libsystem_notify.dylib
0x00007fff2ffa3000 	/usr/lib/system/libsystem_product_info_filter.dylib
0x00007fff2915c000 	/usr/lib/system/libsystem_sandbox.dylib
0x00007fff2a6a1000 	/usr/lib/system/libsystem_secinit.dylib
0x00007fff2047f000 	/usr/lib/system/libsystem_kernel.dylib
0x00007fff204f5000 	/usr/lib/system/libsystem_platform.dylib
0x00007fff204ae000 	/usr/lib/system/libsystem_pthread.dylib
0x00007fff263fb000 	/usr/lib/system/libsystem_symptoms.dylib
0x00007fff20221000 	/usr/lib/system/libsystem_trace.dylib
0x00007fff2a678000 	/usr/lib/system/libunwind.dylib
0x00007fff201eb000 	/usr/lib/system/libxpc.dylib
0x00007fff20466000 	/usr/lib/libc++abi.dylib
0x00007fff2034b000 	/usr/lib/libobjc.A.dylib
0x00007fff2a683000 	/usr/lib/liboah.dylib
0x00007fff20410000 	/usr/lib/libc++.1.dylib
0x00007fff2052b000 	/System/Library/Frameworks/CoreFoundation.framework/Versions/A/CoreFoundation
0x00007fff212d8000 	/System/Library/Frameworks/Foundation.framework/Versions/C/Foundation
0x00007fff22d8c000 	/System/Library/Frameworks/AppKit.framework/Versions/C/AppKit
0x00007fff25c24000 	/System/Library/Frameworks/CoreData.framework/Versions/A/CoreData
0x00007fff23aef000 	/System/Library/PrivateFrameworks/UIFoundation.framework/Versions/A/UIFoundation
0x00007fff2fd1c000 	/System/Library/PrivateFrameworks/RemoteViewServices.framework/Versions/A/RemoteViewServices
0x00007fff28b15000 	/System/Library/PrivateFrameworks/XCTTargetBootstrap.framework/Versions/A/XCTTargetBootstrap
0x00007fff2b7f6000 	/usr/lib/libspindump.dylib
0x00007fff23d44000 	/System/Library/Frameworks/UniformTypeIdentifiers.framework/Versions/A/UniformTypeIdentifiers
0x00007fff272eb000 	/usr/lib/libapp_launch_measurement.dylib
0x00007fff272ee000 	/System/Library/PrivateFrameworks/CoreAutoLayout.framework/Versions/A/CoreAutoLayout
0x00007fff28477000 	/System/Library/Frameworks/Metal.framework/Versions/A/Metal
0x00007fff29167000 	/usr/lib/liblangid.dylib
0x00007fff28b19000 	/System/Library/PrivateFrameworks/CoreSVG.framework/Versions/A/CoreSVG
0x00007fff24d2b000 	/System/Library/PrivateFrameworks/SkyLight.framework/Versions/A/SkyLight
0x00007fff25092000 	/System/Library/Frameworks/CoreGraphics.framework/Versions/A/CoreGraphics
0x00007fff30373000 	/System/Library/Frameworks/Accelerate.framework/Versions/A/Accelerate
0x00007fff2b231000 	/System/Library/PrivateFrameworks/IconServices.framework/Versions/A/IconServices
0x00007fff2845c000 	/System/Library/Frameworks/IOSurface.framework/Versions/A/IOSurface
0x00007fff265ad000 	/usr/lib/libDiagnosticMessagesClient.dylib
0x00007fff28b01000 	/System/Library/PrivateFrameworks/DFRFoundation.framework/Versions/A/DFRFoundation
0x00007fff226b7000 	/usr/lib/libicucore.A.dylib
0x00007fff2cd3d000 	/System/Library/Frameworks/AudioToolbox.framework/Versions/A/AudioToolbox
0x00007fff2bfe2000 	/System/Library/PrivateFrameworks/DataDetectorsCore.framework/Versions/A/DataDetectorsCore
0x00007fff28801000 	/System/Library/Frameworks/Carbon.framework/Versions/A/Frameworks/HIToolbox.framework/Versions/A/HIToolbox
0x00007fff26d46000 	/System/Library/Frameworks/QuartzCore.framework/Versions/A/QuartzCore
0x00007fff2fd58000 	/System/Library/Frameworks/Carbon.framework/Versions/A/Frameworks/SpeechRecognition.framework/Versions/A/SpeechRecognition
0x00007fff27053000 	/System/Library/PrivateFrameworks/CoreUI.framework/Versions/A/CoreUI
0x00007fff21cc0000 	/System/Library/Frameworks/CoreAudio.framework/Versions/A/CoreAudio
0x00007fff26698000 	/System/Library/Frameworks/DiskArbitration.framework/Versions/A/DiskArbitration
0x00007fff2bbf1000 	/System/Library/PrivateFrameworks/MultitouchSupport.framework/Versions/A/MultitouchSupport
0x00007fff2bfd9000 	/System/Library/PrivateFrameworks/InternationalSupport.framework/Versions/A/InternationalSupport
0x00007fff24c9f000 	/usr/lib/libenergytrace.dylib
0x00007fff22c85000 	/System/Library/Frameworks/IOKit.framework/Versions/A/IOKit
0x00007fff300a5000 	/System/Library/Frameworks/CoreServices.framework/Versions/A/CoreServices
0x00007fff27281000 	/System/Library/PrivateFrameworks/PerformanceAnalysis.framework/Versions/A/PerformanceAnalysis
0x00007fff6ca0f000 	/System/Library/Frameworks/OpenGL.framework/Versions/A/OpenGL
0x00007fff2c05e000 	/System/Library/PrivateFrameworks/UserActivity.framework/Versions/A/UserActivity
0x00007fff25726000 	/System/Library/Frameworks/ColorSync.framework/Versions/A/ColorSync
0x00007fff28d7e000 	/System/Library/Frameworks/CoreImage.framework/Versions/A/CoreImage
0x00007fff21ad7000 	/System/Library/Frameworks/CoreText.framework/Versions/A/CoreText
0x00007fff28b43000 	/System/Library/Frameworks/ImageIO.framework/Versions/A/ImageIO
0x00007fff2a6bc000 	/System/Library/PrivateFrameworks/SoftLinking.framework/Versions/A/SoftLinking
0x00007fff27337000 	/usr/lib/libxml2.2.dylib
0x00007fff2a92e000 	/usr/lib/libcompression.dylib
0x00007fff24ca0000 	/usr/lib/libMobileGestalt.dylib
0x00007fff2bf0c000 	/System/Library/PrivateFrameworks/TextureIO.framework/Versions/A/TextureIO
0x00007fff2af54000 	/usr/lib/libate.dylib
0x00007fff2ad39000 	/usr/lib/liblzma.5.dylib
0x00007fff20fec000 	/System/Library/Frameworks/SystemConfiguration.framework/Versions/A/SystemConfiguration
0x00007fff2a6b8000 	/usr/lib/libfakelink.dylib
0x00007fff247f2000 	/System/Library/Frameworks/CFNetwork.framework/Versions/A/CFNetwork
0x00007fff2a7f8000 	/usr/lib/libarchive.2.dylib
0x00007fff2106a000 	/usr/lib/libCRFSuite.dylib
0x00007fff29e8b000 	/usr/lib/libbsm.0.dylib
0x00007fff241ae000 	/usr/lib/libnetwork.dylib
0x00007fff2a6bd000 	/usr/lib/libpcap.A.dylib
0x00007fff263f4000 	/usr/lib/libdns_services.dylib
0x00007fff2ad52000 	/usr/lib/libcoretls_cfhelpers.dylib
0x00007fff2a8fc000 	/usr/lib/libapple_nghttp2.dylib
0x00007fff2a650000 	/usr/lib/system/libkxld.dylib
0x00007fff2605a000 	/usr/lib/libsqlite3.dylib
0x00007fff2a3c8000 	/System/Library/PrivateFrameworks/AppleFSCompression.framework/Versions/A/AppleFSCompression
0x00007fff29e73000 	/usr/lib/libcoretls.dylib
0x00007fff2a929000 	/usr/lib/libpam.2.dylib
0x00007fff2ae4f000 	/usr/lib/libxar.1.dylib
0x00007fff29163000 	/System/Library/PrivateFrameworks/AppleSystemInfo.framework/Versions/A/AppleSystemInfo
0x00007fff29ab6000 	/System/Library/PrivateFrameworks/IOMobileFramebuffer.framework/Versions/A/IOMobileFramebuffer
0x00007fff2a3d8000 	/usr/lib/libbz2.1.0.dylib
0x00007fff2a6f5000 	/usr/lib/libiconv.2.dylib
0x00007fff2a649000 	/usr/lib/libcharset.1.dylib
0x00007fff272bd000 	/System/Library/Frameworks/CoreServices.framework/Versions/A/Frameworks/FSEvents.framework/Versions/A/FSEvents
0x00007fff22923000 	/System/Library/Frameworks/CoreServices.framework/Versions/A/Frameworks/CarbonCore.framework/Versions/A/CarbonCore
0x00007fff265fd000 	/System/Library/Frameworks/CoreServices.framework/Versions/A/Frameworks/Metadata.framework/Versions/A/Metadata
0x00007fff2a3eb000 	/System/Library/Frameworks/CoreServices.framework/Versions/A/Frameworks/OSServices.framework/Versions/A/OSServices
0x00007fff2a86a000 	/System/Library/Frameworks/CoreServices.framework/Versions/A/Frameworks/SearchKit.framework/Versions/A/SearchKit
0x00007fff2637e000 	/System/Library/Frameworks/CoreServices.framework/Versions/A/Frameworks/AE.framework/Versions/A/AE
0x00007fff209c7000 	/System/Library/Frameworks/CoreServices.framework/Versions/A/Frameworks/LaunchServices.framework/Versions/A/LaunchServices
0x00007fff2acea000 	/System/Library/Frameworks/CoreServices.framework/Versions/A/Frameworks/DictionaryServices.framework/Versions/A/DictionaryServices
0x00007fff272c6000 	/System/Library/Frameworks/CoreServices.framework/Versions/A/Frameworks/SharedFileList.framework/Versions/A/SharedFileList
0x00007fff29e67000 	/usr/lib/libCheckFix.dylib
0x00007fff24d13000 	/System/Library/PrivateFrameworks/TCC.framework/Versions/A/TCC
0x00007fff29169000 	/System/Library/PrivateFrameworks/CoreNLP.framework/Versions/A/CoreNLP
0x00007fff265b0000 	/System/Library/PrivateFrameworks/MetadataUtilities.framework/Versions/A/MetadataUtilities
0x00007fff210a0000 	/usr/lib/libmecabra.dylib
0x00007fff2a17a000 	/System/Library/Frameworks/MLCompute.framework/Versions/A/MLCompute
0x00007fff29e9c000 	/usr/lib/libmecab.dylib
0x00007fff29ee6000 	/usr/lib/libgermantok.dylib
0x00007fff2a8d2000 	/usr/lib/libThaiTokenizer.dylib
0x00007fff2ae8a000 	/usr/lib/libChineseTokenizer.dylib
0x00007fff2a927000 	/System/Library/Frameworks/MetalPerformanceShaders.framework/Versions/A/MetalPerformanceShaders
0x00007fff2669f000 	/System/Library/Frameworks/Accelerate.framework/Versions/A/Frameworks/vImage.framework/Versions/A/vImage
0x00007fff3007e000 	/System/Library/Frameworks/Accelerate.framework/Versions/A/Frameworks/vecLib.framework/Versions/A/vecLib
0x00007fff2ae95000 	/System/Library/Frameworks/Accelerate.framework/Versions/A/Frameworks/vecLib.framework/Versions/A/libvMisc.dylib
0x00007fff298cf000 	/System/Library/Frameworks/Accelerate.framework/Versions/A/Frameworks/vecLib.framework/Versions/A/libvDSP.dylib
0x00007fff20ccb000 	/System/Library/Frameworks/Accelerate.framework/Versions/A/Frameworks/vecLib.framework/Versions/A/libBLAS.dylib
0x00007fff2a94d000 	/System/Library/Frameworks/Accelerate.framework/Versions/A/Frameworks/vecLib.framework/Versions/A/libLAPACK.dylib
0x00007fff29eec000 	/System/Library/Frameworks/Accelerate.framework/Versions/A/Frameworks/vecLib.framework/Versions/A/libLinearAlgebra.dylib
0x00007fff2a914000 	/System/Library/Frameworks/Accelerate.framework/Versions/A/Frameworks/vecLib.framework/Versions/A/libSparseBLAS.dylib
0x00007fff2a947000 	/System/Library/Frameworks/Accelerate.framework/Versions/A/Frameworks/vecLib.framework/Versions/A/libQuadrature.dylib
0x00007fff29211000 	/System/Library/Frameworks/Accelerate.framework/Versions/A/Frameworks/vecLib.framework/Versions/A/libBNNS.dylib
0x00007fff20f7d000 	/System/Library/Frameworks/Accelerate.framework/Versions/A/Frameworks/vecLib.framework/Versions/A/libSparse.dylib
0x00007fff290fc000 	/System/Library/Frameworks/MetalPerformanceShaders.framework/Versions/A/Frameworks/MPSCore.framework/Versions/A/MPSCore
0x00007fff2a337000 	/System/Library/Frameworks/MetalPerformanceShaders.framework/Versions/A/Frameworks/MPSImage.framework/Versions/A/MPSImage
0x00007fff29f02000 	/System/Library/Frameworks/MetalPerformanceShaders.framework/Versions/A/Frameworks/MPSNeuralNetwork.framework/Versions/A/MPSNeuralNetwork
0x00007fff2a2c2000 	/System/Library/Frameworks/MetalPerformanceShaders.framework/Versions/A/Frameworks/MPSMatrix.framework/Versions/A/MPSMatrix
0x00007fff2a12a000 	/System/Library/Frameworks/MetalPerformanceShaders.framework/Versions/A/Frameworks/MPSRayIntersector.framework/Versions/A/MPSRayIntersector
0x00007fff2a2f9000 	/System/Library/Frameworks/MetalPerformanceShaders.framework/Versions/A/Frameworks/MPSNDArray.framework/Versions/A/MPSNDArray
0x00007fff20bf7000 	/System/Library/PrivateFrameworks/MetalTools.framework/Versions/A/MetalTools
0x00007fff29161000 	/System/Library/PrivateFrameworks/AggregateDictionary.framework/Versions/A/AggregateDictionary
0x00007fff26588000 	/System/Library/PrivateFrameworks/CoreAnalytics.framework/Versions/A/CoreAnalytics
0x00007fff2a8d4000 	/System/Library/PrivateFrameworks/AppleSauce.framework/Versions/A/AppleSauce
0x00007fff2846e000 	/System/Library/PrivateFrameworks/IOAccelerator.framework/Versions/A/IOAccelerator
0x00007fff6ca03000 	/System/Library/Frameworks/OpenGL.framework/Versions/A/Libraries/libCoreFSCache.dylib
0x00007fff2163c000 	/System/Library/PrivateFrameworks/LanguageModeling.framework/Versions/A/LanguageModeling
0x00007fff29aa3000 	/System/Library/PrivateFrameworks/CoreEmoji.framework/Versions/A/CoreEmoji
0x00007fff2920a000 	/System/Library/PrivateFrameworks/LinguisticData.framework/Versions/A/LinguisticData
0x00007fff20f2f000 	/System/Library/PrivateFrameworks/Lexicon.framework/Versions/A/Lexicon
0x00007fff2a7e6000 	/usr/lib/libcmph.dylib
0x00007fff2729d000 	/System/Library/Frameworks/OpenDirectory.framework/Versions/A/Frameworks/CFOpenDirectory.framework/Versions/A/CFOpenDirectory
0x00007fff2728d000 	/System/Library/Frameworks/OpenDirectory.framework/Versions/A/OpenDirectory
0x00007fff2ad54000 	/System/Library/PrivateFrameworks/APFS.framework/Versions/A/APFS
0x00007fff29dc8000 	/System/Library/Frameworks/SecurityFoundation.framework/Versions/A/SecurityFoundation
0x00007fff2ae5d000 	/usr/lib/libutil.dylib
0x00007fff22c4a000 	/System/Library/PrivateFrameworks/CoreServicesStore.framework/Versions/A/CoreServicesStore
0x00007fff29e5f000 	/System/Library/Frameworks/ServiceManagement.framework/Versions/A/ServiceManagement
0x00007fff2ae61000 	/usr/lib/libxslt.1.dylib
0x00007fff29e55000 	/System/Library/PrivateFrameworks/BackgroundTaskManagement.framework/Versions/A/BackgroundTaskManagement
0x00007fff2be56000 	/System/Library/Frameworks/ImageIO.framework/Versions/A/Resources/libRadiance.dylib
0x00007fff2be60000 	/System/Library/Frameworks/ImageIO.framework/Versions/A/Resources/libJPEG.dylib
0x00007fff2bdab000 	/System/Library/Frameworks/ImageIO.framework/Versions/A/Resources/libPng.dylib
0x00007fff2bdd2000 	/System/Library/Frameworks/ImageIO.framework/Versions/A/Resources/libTIFF.dylib
0x00007fff2beb5000 	/System/Library/Frameworks/ImageIO.framework/Versions/A/Resources/libGIF.dylib
0x00007fff2bb0e000 	/System/Library/Frameworks/ImageIO.framework/Versions/A/Resources/libJP2.dylib
0x00007fff2b1f8000 	/usr/lib/libexpat.1.dylib
0x00007fff2bac3000 	/System/Library/PrivateFrameworks/AppleJPEG.framework/Versions/A/AppleJPEG
0x00007fff286a4000 	/System/Library/PrivateFrameworks/FontServices.framework/libFontParser.dylib
0x00007fff26332000 	/System/Library/PrivateFrameworks/RunningBoardServices.framework/Versions/A/RunningBoardServices
0x00007fff2bbed000 	/System/Library/PrivateFrameworks/WatchdogClient.framework/Versions/A/WatchdogClient
0x00007fff21729000 	/System/Library/Frameworks/CoreDisplay.framework/Versions/A/CoreDisplay
0x00007fff285ba000 	/System/Library/Frameworks/CoreMedia.framework/Versions/A/CoreMedia
0x00007fff2741a000 	/System/Library/Frameworks/CoreVideo.framework/Versions/A/CoreVideo
0x00007fff2bc25000 	/System/Library/Frameworks/VideoToolbox.framework/Versions/A/VideoToolbox
0x00007fff262b0000 	/System/Library/PrivateFrameworks/BaseBoard.framework/Versions/A/BaseBoard
0x00007fff2b33d000 	/System/Library/PrivateFrameworks/PersistentConnection.framework/Versions/A/PersistentConnection
0x00007fff26043000 	/System/Library/PrivateFrameworks/ProtocolBuffer.framework/Versions/A/ProtocolBuffer
0x00007fff26297000 	/System/Library/PrivateFrameworks/CommonUtilities.framework/Versions/A/CommonUtilities
0x00007fff2ba58000 	/System/Library/PrivateFrameworks/Bom.framework/Versions/A/Bom
0x00007fff2be4f000 	/System/Library/PrivateFrameworks/GPUWrangler.framework/Versions/A/GPUWrangler
0x00007fff2be32000 	/System/Library/PrivateFrameworks/IOPresentment.framework/Versions/A/IOPresentment
0x00007fff2be5a000 	/System/Library/PrivateFrameworks/DSExternalDisplay.framework/Versions/A/DSExternalDisplay
0x00007fff2beba000 	/System/Library/PrivateFrameworks/CMCaptureCore.framework/Versions/A/CMCaptureCore
0x00007fff2b7dd000 	/System/Library/PrivateFrameworks/AppServerSupport.framework/Versions/A/AppServerSupport
0x00007fff2d88e000 	/System/Library/PrivateFrameworks/perfdata.framework/Versions/A/perfdata
0x00007fff29db7000 	/System/Library/PrivateFrameworks/AssertionServices.framework/Versions/A/AssertionServices
0x00007fff21860000 	/System/Library/PrivateFrameworks/AudioToolboxCore.framework/Versions/A/AudioToolboxCore
0x00007fff2859d000 	/System/Library/PrivateFrameworks/caulk.framework/Versions/A/caulk
0x00007fff3d539000 	/System/Library/PrivateFrameworks/SystemPolicy.framework/Versions/A/SystemPolicy
0x00007fff2afed000 	/usr/lib/libIOReport.dylib
0x00007fff2d0b0000 	/usr/lib/libSMC.dylib
0x00007fff2bd78000 	/usr/lib/libAudioToolboxUtility.dylib
0x00007fff3dea3000 	/usr/lib/libmis.dylib
0x00007fff6ca5f000 	/System/Library/Frameworks/OpenGL.framework/Versions/A/Libraries/libGLU.dylib
0x00007fff6ca22000 	/System/Library/Frameworks/OpenGL.framework/Versions/A/Libraries/libGFXShared.dylib
0x00007fff6cc31000 	/System/Library/Frameworks/OpenGL.framework/Versions/A/Libraries/libGL.dylib
0x00007fff6ca2b000 	/System/Library/Frameworks/OpenGL.framework/Versions/A/Libraries/libGLImage.dylib
0x00007fff6ca1f000 	/System/Library/Frameworks/OpenGL.framework/Versions/A/Libraries/libCVMSPluginSupport.dylib
0x00007fff6ca0a000 	/System/Library/Frameworks/OpenGL.framework/Versions/A/Libraries/libCoreVMClient.dylib
0x00007fff6e072000 	/System/Library/Frameworks/OpenCL.framework/Versions/A/OpenCL
0x00007fff2b367000 	/System/Library/PrivateFrameworks/GraphVisualizer.framework/Versions/A/GraphVisualizer
0x00007fff2b376000 	/System/Library/PrivateFrameworks/FaceCore.framework/Versions/A/FaceCore
0x00007fff2b792000 	/System/Library/PrivateFrameworks/OTSVG.framework/Versions/A/OTSVG
0x00007fff27011000 	/System/Library/Frameworks/ApplicationServices.framework/Versions/A/Frameworks/ATS.framework/Versions/A/Resources/libFontRegistry.dylib
0x00007fff2b7e4000 	/System/Library/PrivateFrameworks/FontServices.framework/libhvf.dylib
0x00007fff2b1a4000 	/System/Library/PrivateFrameworks/AppleVA.framework/Versions/A/AppleVA
0x00007fff2cef9000 	/System/Library/Frameworks/ApplicationServices.framework/Versions/A/Frameworks/ATS.framework/Versions/A/ATS
0x00007fff2d20b000 	/System/Library/Frameworks/ApplicationServices.framework/Versions/A/Frameworks/ColorSyncLegacy.framework/Versions/A/ColorSyncLegacy
0x00007fff2581d000 	/System/Library/Frameworks/ApplicationServices.framework/Versions/A/Frameworks/HIServices.framework/Versions/A/HIServices
0x00007fff2d1f0000 	/System/Library/Frameworks/ApplicationServices.framework/Versions/A/Frameworks/LangAnalysis.framework/Versions/A/LangAnalysis
0x00007fff2bec4000 	/System/Library/Frameworks/ApplicationServices.framework/Versions/A/Frameworks/PrintCore.framework/Versions/A/PrintCore
0x00007fff2d213000 	/System/Library/Frameworks/ApplicationServices.framework/Versions/A/Frameworks/QD.framework/Versions/A/QD
0x00007fff2cee9000 	/System/Library/Frameworks/ApplicationServices.framework/Versions/A/Frameworks/SpeechSynthesis.framework/Versions/A/SpeechSynthesis
0x00007fff2be85000 	/System/Library/Frameworks/ApplicationServices.framework/Versions/A/Frameworks/ATSUI.framework/Versions/A/ATSUI
0x00007fff2d190000 	/usr/lib/libcups.2.dylib
0x00007fff2d200000 	/System/Library/PrivateFrameworks/NetAuth.framework/Versions/A/NetAuth
0x00007fff2d8aa000 	/System/Library/Frameworks/Kerberos.framework/Versions/A/Kerberos
0x00007fff2d8ba000 	/System/Library/Frameworks/GSS.framework/Versions/A/GSS
0x00007fff2cf65000 	/usr/lib/libresolv.9.dylib
0x00007fff2b7f9000 	/System/Library/PrivateFrameworks/Heimdal.framework/Versions/A/Heimdal
0x00007fff3363e000 	/System/Library/Frameworks/Kerberos.framework/Versions/A/Libraries/libHeimdalProxy.dylib
0x00007fff26403000 	/System/Library/Frameworks/Network.framework/Versions/A/Network
0x00007fff2b212000 	/usr/lib/libheimdal-asn1.dylib
0x00007fff2d90a000 	/System/Library/PrivateFrameworks/CommonAuth.framework/Versions/A/CommonAuth
0x00007fff27467000 	/System/Library/PrivateFrameworks/login.framework/Versions/A/Frameworks/loginsupport.framework/Versions/A/loginsupport
0x00007fff2ce6e000 	/System/Library/PrivateFrameworks/AudioSession.framework/Versions/A/AudioSession
0x00007fff2ced6000 	/usr/lib/libAudioStatistics.dylib
0x00007fff2b29f000 	/System/Library/PrivateFrameworks/MediaExperience.framework/Versions/A/MediaExperience
0x00007fff2cd0b000 	/System/Library/PrivateFrameworks/AudioSession.framework/libSessionUtility.dylib
0x00007fff2d89b000 	/usr/lib/libperfcheck.dylib
0x00007fff2d21f000 	/System/Library/PrivateFrameworks/AudioResourceArbitration.framework/Versions/A/AudioResourceArbitration
0x00007fff2b21c000 	/System/Library/PrivateFrameworks/IconFoundation.framework/Versions/A/IconFoundation
0x00007fff2fd48000 	/System/Library/PrivateFrameworks/SpeechRecognitionCore.framework/Versions/A/SpeechRecognitionCore
0x00007fff5de5d000 	/System/Library/CoreServices/Encodings/libSimplifiedChineseConverter.dylib
0x0000000109800000 	/Library/Java/JavaVirtualMachines/jdk-15.0.2.jdk/Contents/Home/lib/server/libjvm.dylib
0x00000001036d3000 	/Library/Java/JavaVirtualMachines/jdk-15.0.2.jdk/Contents/Home/lib/libjimage.dylib
0x00000001036e1000 	/Library/Java/JavaVirtualMachines/jdk-15.0.2.jdk/Contents/Home/lib/libinstrument.dylib
0x00000001036f1000 	/Library/Java/JavaVirtualMachines/jdk-15.0.2.jdk/Contents/Home/lib/libjava.dylib
0x0000000112a9f000 	/Library/Java/JavaVirtualMachines/jdk-15.0.2.jdk/Contents/Home/lib/libzip.dylib
0x0000000112aad000 	/Library/Java/JavaVirtualMachines/jdk-15.0.2.jdk/Contents/Home/lib/libnio.dylib
0x0000000112ac1000 	/Library/Java/JavaVirtualMachines/jdk-15.0.2.jdk/Contents/Home/lib/libnet.dylib
0x0000000112ada000 	/Library/Java/JavaVirtualMachines/jdk-15.0.2.jdk/Contents/Home/lib/libverify.dylib
0x0000000112aeb000 	/Library/Java/JavaVirtualMachines/jdk-15.0.2.jdk/Contents/Home/lib/libextnet.dylib
0x0000000112af2000 	/Library/Java/JavaVirtualMachines/jdk-15.0.2.jdk/Contents/Home/lib/libmanagement.dylib
0x0000000112afc000 	/Library/Java/JavaVirtualMachines/jdk-15.0.2.jdk/Contents/Home/lib/libmanagement_ext.dylib
0x0000000112f08000 	/Users/punk/Documents/code/java_project/xdag_net/node4/xdagj/testnet/libdfs.dylib
0x0000000130244000 	/private/var/folders/23/79qfpccx001g4br5fxs628vc0000gn/T/librocksdbjni13224719616748182019.jnilib
0x0000000131067000 	/private/var/folders/23/79qfpccx001g4br5fxs628vc0000gn/T/native14058350429259988922/librandomx.dylib
0x0000000131900000 	/private/var/folders/23/79qfpccx001g4br5fxs628vc0000gn/T/libnetty_resolver_dns_native_macos_x86_647034781015338708661.dylib
0x0000000131d14000 	/private/var/folders/23/79qfpccx001g4br5fxs628vc0000gn/T/secp256k1-981feeed-2c27-42e9-b389-4658100b73e8-libsecp256k1.jnilib


VM Arguments:
jvm_args: --enable-preview -javaagent:/Applications/IntelliJ IDEA.app/Contents/lib/idea_rt.jar=58610:/Applications/IntelliJ IDEA.app/Contents/bin -Dfile.encoding=UTF-8 
java_command: io.xdag.Bootstrap
java_class_path (initial): /Users/punk/Documents/code/java_project/xdag_net/node4/xdagj/target/classes:/Users/punk/maven/apache-maven-3.6.3/repository/fr/acinq/bitcoin/secp256k1-jni/1.3/secp256k1-jni-1.3.jar:/Users/punk/maven/apache-maven-3.6.3/repository/org/apache/logging/log4j/log4j-api/2.13.3/log4j-api-2.13.3.jar:/Users/punk/maven/apache-maven-3.6.3/repository/org/apache/logging/log4j/log4j-core/2.13.3/log4j-core-2.13.3.jar:/Users/punk/maven/apache-maven-3.6.3/repository/org/apache/logging/log4j/log4j-slf4j-impl/2.13.3/log4j-slf4j-impl-2.13.3.jar:/Users/punk/maven/apache-maven-3.6.3/repository/org/slf4j/slf4j-api/1.7.25/slf4j-api-1.7.25.jar:/Users/punk/maven/apache-maven-3.6.3/repository/org/apache/commons/commons-lang3/3.11/commons-lang3-3.11.jar:/Users/punk/maven/apache-maven-3.6.3/repository/org/apache/commons/commons-collections4/4.4/commons-collections4-4.4.jar:/Users/punk/maven/apache-maven-3.6.3/repository/commons-codec/commons-codec/1.15/commons-codec-1.15.jar:/Users/punk/maven/apache-maven-3.6.3/repository/commons-io/commons-io/2.8.0/commons-io-2.8.0.jar:/Users/punk/maven/apache-maven-3.6.3/repository/com/google/guava/guava/29.0-jre/guava-29.0-jre.jar:/Users/punk/maven/apache-maven-3.6.3/repository/com/google/guava/failureaccess/1.0.1/failureaccess-1.0.1.jar:/Users/punk/maven/apache-maven-3.6.3/repository/com/google/code/findbugs/jsr305/3.0.2/jsr305-3.0.2.jar:/Users/punk/maven/apache-maven-3.6.3/repository/com/google/j2objc/j2objc-annotations/1.3/j2objc-annotations-1.3.jar:/Users/punk/maven/apache-maven-3.6.3/repository/com/esotericsoftware/kryo/5.0.4/kryo-5.0.4.jar:/Users/punk/maven/apache-maven-3.6.3/repository/com/esotericsoftware/reflectasm/1.11.9/reflectasm-1.11.9.jar:/Users/punk/maven/apache-maven-3.6.3/repository/org/objenesis/objenesis/3.1/objenesis-3.1.jar:/Users/punk/maven/apache-maven-3.6.3/repository/com/esotericsoftware/minlog/1.3.1/minlog-1.3.1.jar:/Users/punk/maven/apache-maven-3.6.3/repository/io/netty/netty-all/4.1.60.Final/netty-all-
Launcher Type: SUN_STANDARD

[Global flags]
     intx CICompilerCount                          = 4                                         {product} {ergonomic}
     uint ConcGCThreads                            = 3                                         {product} {ergonomic}
     uint G1ConcRefinementThreads                  = 10                                        {product} {ergonomic}
   size_t G1HeapRegionSize                         = 2097152                                   {product} {ergonomic}
    uintx GCDrainStackTargetSize                   = 64                                        {product} {ergonomic}
   size_t InitialHeapSize                          = 268435456                                 {product} {ergonomic}
   size_t MarkStackSize                            = 4194304                                   {product} {ergonomic}
   size_t MaxHeapSize                              = 4294967296                                {product} {ergonomic}
   size_t MaxNewSize                               = 2575302656                                {product} {ergonomic}
   size_t MinHeapDeltaBytes                        = 2097152                                   {product} {ergonomic}
   size_t MinHeapSize                              = 8388608                                   {product} {ergonomic}
    uintx NonNMethodCodeHeapSize                   = 5839372                                {pd product} {ergonomic}
    uintx NonProfiledCodeHeapSize                  = 122909434                              {pd product} {ergonomic}
    uintx ProfiledCodeHeapSize                     = 122909434                              {pd product} {ergonomic}
    uintx ReservedCodeCacheSize                    = 251658240                              {pd product} {ergonomic}
     bool SegmentedCodeCache                       = true                                      {product} {ergonomic}
   size_t SoftMaxHeapSize                          = 4294967296                             {manageable} {ergonomic}
     bool UseCompressedClassPointers               = true                                 {lp64_product} {ergonomic}
     bool UseCompressedOops                        = true                                 {lp64_product} {ergonomic}
     bool UseG1GC                                  = true                                      {product} {ergonomic}
     bool UseNUMA                                  = false                                     {product} {ergonomic}
     bool UseNUMAInterleaving                      = false                                     {product} {ergonomic}

Logging:
Log output configuration:
 #0: stdout all=warning uptime,level,tags
 #1: stderr all=off uptime,level,tags

Environment Variables:
PATH=/Users/punk/opt/anaconda3/bin:/Users/punk/opt/anaconda3/condabin:/Users/punk/Documents/flutter/bin:/Users/punk/maven/apache-maven-3.6.3/bin:/bin:/usr/local/bin:/usr/bin:/bin:/usr/sbin:/sbin:/Library/TeX/texbin:/usr/local/go/bin:/Library/Apple/usr/bin:.
SHELL=/bin/zsh
LC_CTYPE=UTF-8

Signal Handlers:
SIGSEGV: [libjvm.dylib+0x9ff2f0], sa_mask[0]=11111111011111110111111111111111, sa_flags=SA_ONSTACK|SA_RESTART|SA_SIGINFO
SIGBUS: [libjvm.dylib+0x9ff2f0], sa_mask[0]=11111111011111110111111111111111, sa_flags=SA_RESTART|SA_SIGINFO
SIGFPE: [libjvm.dylib+0x9ff2f0], sa_mask[0]=11111111011111110111111111111111, sa_flags=SA_RESTART|SA_SIGINFO
SIGPIPE: [libjvm.dylib+0x82ae30], sa_mask[0]=11111111011111110111111111111111, sa_flags=SA_RESTART|SA_SIGINFO
SIGXFSZ: [libjvm.dylib+0x82ae30], sa_mask[0]=11111111011111110111111111111111, sa_flags=SA_RESTART|SA_SIGINFO
SIGILL: [libjvm.dylib+0x9ff2f0], sa_mask[0]=11111111011111110111111111111111, sa_flags=SA_RESTART|SA_SIGINFO
SIGUSR2: [libjvm.dylib+0x82b940], sa_mask[0]=00100000000000000000000000000000, sa_flags=SA_RESTART|SA_SIGINFO
SIGHUP: [libjvm.dylib+0x82a040], sa_mask[0]=11111111011111110111111111111111, sa_flags=SA_RESTART|SA_SIGINFO
SIGINT: [libjvm.dylib+0x82a040], sa_mask[0]=11111111011111110111111111111111, sa_flags=SA_RESTART|SA_SIGINFO
SIGTERM: [libjvm.dylib+0x82a040], sa_mask[0]=11111111011111110111111111111111, sa_flags=SA_RESTART|SA_SIGINFO
SIGQUIT: [libjvm.dylib+0x82a040], sa_mask[0]=11111111011111110111111111111111, sa_flags=SA_RESTART|SA_SIGINFO


---------------  S Y S T E M  ---------------

OS:uname: Darwin 20.3.0 Darwin Kernel Version 20.3.0: Thu Jan 21 00:07:06 PST 2021; root:xnu-7195.81.3~1/RELEASE_X86_64 x86_64
OS uptime: 0 days 22:33 hours
rlimit (soft/hard): STACK 8192k/65532k , CORE 0k/infinity , NPROC 2784/4176 , NOFILE 10240/infinity , AS infinity/infinity , CPU infinity/infinity , DATA infinity/infinity , FSIZE infinity/infinity , MEMLOCK infinity/infinity , RSS infinity/infinity
load average: 6.56 6.62 6.58

CPU: total 12 (initial active 12) (6 cores per cpu, 2 threads per core) family 6 model 158 stepping 10 microcode 0xde, cmov, cx8, fxsr, mmx, sse, sse2, sse3, ssse3, sse4.1, sse4.2, popcnt, vzeroupper, avx, avx2, aes, clmul, erms, 3dnowpref, lzcnt, ht, tsc, tscinvbit, bmi1, bmi2, adx, fma, clflush, clflushopt

Memory: 4k page, physical 16777216k(1044268k free), swap 3145728k(496896k free)

vm_info: Java HotSpot(TM) 64-Bit Server VM (15.0.2+7-27) for bsd-amd64 JRE (15.0.2+7-27), built on Dec  7 2020 20:08:32 by "mach5one" with clang 4.2.1 Compatible Apple LLVM 10.0.0 (clang-1000.11.45.5)

END.
